<?xml version="1.0" encoding="UTF-8" ?>
<testsuite tests="5" failures="0" name="com.test.runner.TestRunner" time="0.019" errors="2" skipped="3">
  <properties>
[...]
</properties>
  <testcase classname="Scenario: Testing Opt In API when customer is having more than 1 eligible account" name="Given url identityAssertions" time="0.003">
    <error message="javascript evaluation failed: identityAssertions, ReferenceError: &quot;identityAssertions&quot; is not defined in &lt;eval&gt; at line number 1" type="java.lang.RuntimeException">java.lang.RuntimeException: javascript evaluation failed: identityAssertions, ReferenceError: &quot;identityAssertions&quot; is not defined in &lt;eval&gt; at line number 1
	at com.intuit.karate.ScriptBindings.eval(ScriptBindings.java:144)
	at com.intuit.karate.ScriptBindings.updateBindingsAndEval(ScriptBindings.java:134)
	at com.intuit.karate.ScriptBindings.evalInNashorn(ScriptBindings.java:119)
	at com.intuit.karate.Script.evalJsExpression(Script.java:371)
	at com.intuit.karate.Script.evalKarateExpression(Script.java:285)
	at com.intuit.karate.Script.evalKarateExpression(Script.java:171)
	at com.intuit.karate.StepDefs.url(StepDefs.java:106)
	at ✽.Given url identityAssertions(src/test/java/FeatureFiles/test.feature:6)
Caused by: javax.script.ScriptException: ReferenceError: &quot;identityAssertions&quot; is not defined in &lt;eval&gt; at line number 1
	at jdk.nashorn.api.scripting.NashornScriptEngine.throwAsScriptException(NashornScriptEngine.java:470)
	at jdk.nashorn.api.scripting.NashornScriptEngine.evalImpl(NashornScriptEngine.java:454)
	at jdk.nashorn.api.scripting.NashornScriptEngine.evalImpl(NashornScriptEngine.java:406)
	at jdk.nashorn.api.scripting.NashornScriptEngine.evalImpl(NashornScriptEngine.java:402)
	at jdk.nashorn.api.scripting.NashornScriptEngine.eval(NashornScriptEngine.java:155)
	at javax.script.AbstractScriptEngine.eval(AbstractScriptEngine.java:233)
	at com.intuit.karate.ScriptBindings.eval(ScriptBindings.java:139)
	at com.intuit.karate.ScriptBindings.updateBindingsAndEval(ScriptBindings.java:134)
	at com.intuit.karate.ScriptBindings.evalInNashorn(ScriptBindings.java:119)
	at com.intuit.karate.Script.evalJsExpression(Script.java:371)
	at com.intuit.karate.Script.evalKarateExpression(Script.java:285)
	at com.intuit.karate.Script.evalKarateExpression(Script.java:171)
	at com.intuit.karate.StepDefs.url(StepDefs.java:106)
	at sun.reflect.NativeMethodAccessorImpl.invoke0(Native Method)
	at sun.reflect.NativeMethodAccessorImpl.invoke(NativeMethodAccessorImpl.java:62)
	at sun.reflect.DelegatingMethodAccessorImpl.invoke(DelegatingMethodAccessorImpl.java:43)
	at java.lang.reflect.Method.invoke(Method.java:498)
	at cucumber.runtime.Utils$1.call(Utils.java:40)
	at cucumber.runtime.Timeout.timeout(Timeout.java:16)
	at cucumber.runtime.Utils.invoke(Utils.java:34)
	at cucumber.runtime.java.JavaStepDefinition.execute(JavaStepDefinition.java:38)
	at cucumber.runtime.StepDefinitionMatch.runStep(StepDefinitionMatch.java:37)
	at com.intuit.karate.cucumber.CucumberUtils.runStep(CucumberUtils.java:201)
	at com.intuit.karate.cucumber.KarateRuntime.runStep(KarateRuntime.java:86)
	at cucumber.runtime.model.StepContainer.runStep(StepContainer.java:44)
	at cucumber.runtime.model.StepContainer.runSteps(StepContainer.java:39)
	at cucumber.runtime.model.CucumberScenario.run(CucumberScenario.java:44)
	at cucumber.runtime.junit.ExecutionUnitRunner.run(ExecutionUnitRunner.java:102)
	at cucumber.runtime.junit.FeatureRunner.runChild(FeatureRunner.java:63)
	at cucumber.runtime.junit.FeatureRunner.runChild(FeatureRunner.java:18)
	at org.junit.runners.ParentRunner$3.run(ParentRunner.java:290)
	at org.junit.runners.ParentRunner$1.schedule(ParentRunner.java:71)
	at org.junit.runners.ParentRunner.runChildren(ParentRunner.java:288)
	at org.junit.runners.ParentRunner.access$000(ParentRunner.java:58)
	at org.junit.runners.ParentRunner$2.evaluate(ParentRunner.java:268)
	at org.junit.runners.ParentRunner.run(ParentRunner.java:363)
	at cucumber.runtime.junit.FeatureRunner.run(FeatureRunner.java:70)
	at com.intuit.karate.junit4.Karate.runChild(Karate.java:123)
	at com.intuit.karate.junit4.Karate.runChild(Karate.java:38)
	at org.junit.runners.ParentRunner$3.run(ParentRunner.java:290)
	at org.junit.runners.ParentRunner$1.schedule(ParentRunner.java:71)
	at org.junit.runners.ParentRunner.runChildren(ParentRunner.java:288)
	at org.junit.runners.ParentRunner.access$000(ParentRunner.java:58)
	at org.junit.runners.ParentRunner$2.evaluate(ParentRunner.java:268)
	at org.junit.internal.runners.statements.RunBefores.evaluate(RunBefores.java:26)
	at org.junit.runners.ParentRunner.run(ParentRunner.java:363)
	at com.intuit.karate.junit4.Karate.run(Karate.java:131)
	at org.apache.maven.surefire.junit4.JUnit4Provider.execute(JUnit4Provider.java:252)
	at org.apache.maven.surefire.junit4.JUnit4Provider.executeTestSet(JUnit4Provider.java:141)
	at org.apache.maven.surefire.junit4.JUnit4Provider.invoke(JUnit4Provider.java:112)
	at sun.reflect.NativeMethodAccessorImpl.invoke0(Native Method)
	at sun.reflect.NativeMethodAccessorImpl.invoke(NativeMethodAccessorImpl.java:62)
	at sun.reflect.DelegatingMethodAccessorImpl.invoke(DelegatingMethodAccessorImpl.java:43)
	at java.lang.reflect.Method.invoke(Method.java:498)
	at org.apache.maven.surefire.util.ReflectionUtils.invokeMethodWithArray(ReflectionUtils.java:189)
	at org.apache.maven.surefire.booter.ProviderFactory$ProviderProxy.invoke(ProviderFactory.java:165)
	at org.apache.maven.surefire.booter.ProviderFactory.invokeProvider(ProviderFactory.java:85)
	at org.apache.maven.surefire.booter.ForkedBooter.runSuitesInProcess(ForkedBooter.java:115)
	at org.apache.maven.surefire.booter.ForkedBooter.main(ForkedBooter.java:75)
Caused by: &lt;eval&gt;:1 ReferenceError: &quot;identityAssertions&quot; is not defined
	at jdk.nashorn.internal.runtime.ECMAErrors.error(ECMAErrors.java:57)
	at jdk.nashorn.internal.runtime.ECMAErrors.referenceError(ECMAErrors.java:319)
	at jdk.nashorn.internal.runtime.ECMAErrors.referenceError(ECMAErrors.java:291)
	at jdk.nashorn.internal.objects.Global.__noSuchProperty__(Global.java:1442)
	at jdk.nashorn.internal.scripts.Script$5$\^eval\_.:program(&lt;eval&gt;:1)
	at jdk.nashorn.internal.runtime.ScriptFunctionData.invoke(ScriptFunctionData.java:637)
	at jdk.nashorn.internal.runtime.ScriptFunction.invoke(ScriptFunction.java:494)
	at jdk.nashorn.internal.runtime.ScriptRuntime.apply(ScriptRuntime.java:393)
	at jdk.nashorn.api.scripting.NashornScriptEngine.evalImpl(NashornScriptEngine.java:449)
	... 57 more
</error>
    <system-out>16:57:27.449 [main] INFO com.intuit.karate.junit4.Karate - Karate version: 0.8.0
16:57:27.915 [main] WARN com.intuit.karate - skipping bootstrap configuration: could not find or read file: karate-config.js, prefix: CLASSPATH
16:57:27.919 [main] DEBUG com.intuit.karate - skipping bootstrap configuration for env: stage - could not find or read file: karate-config-stage.js, prefix: CLASSPATH
</system-out>
  </testcase>
  <testcase classname="Scenario: Testing Opt In API when customer is having more than 1 eligible account" name="Scenario: Testing Opt In API when customer is having more than 1 eligible account" time="0.004">
    <error message="javascript evaluation failed: identityAssertions, ReferenceError: &quot;identityAssertions&quot; is not defined in &lt;eval&gt; at line number 1" type="java.lang.RuntimeException">java.lang.RuntimeException: javascript evaluation failed: identityAssertions, ReferenceError: &quot;identityAssertions&quot; is not defined in &lt;eval&gt; at line number 1
	at com.intuit.karate.ScriptBindings.eval(ScriptBindings.java:144)
	at com.intuit.karate.ScriptBindings.updateBindingsAndEval(ScriptBindings.java:134)
	at com.intuit.karate.ScriptBindings.evalInNashorn(ScriptBindings.java:119)
	at com.intuit.karate.Script.evalJsExpression(Script.java:371)
	at com.intuit.karate.Script.evalKarateExpression(Script.java:285)
	at com.intuit.karate.Script.evalKarateExpression(Script.java:171)
	at com.intuit.karate.StepDefs.url(StepDefs.java:106)
	at ✽.Given url identityAssertions(src/test/java/FeatureFiles/test.feature:6)
Caused by: javax.script.ScriptException: ReferenceError: &quot;identityAssertions&quot; is not defined in &lt;eval&gt; at line number 1
	at jdk.nashorn.api.scripting.NashornScriptEngine.throwAsScriptException(NashornScriptEngine.java:470)
	at jdk.nashorn.api.scripting.NashornScriptEngine.evalImpl(NashornScriptEngine.java:454)
	at jdk.nashorn.api.scripting.NashornScriptEngine.evalImpl(NashornScriptEngine.java:406)
	at jdk.nashorn.api.scripting.NashornScriptEngine.evalImpl(NashornScriptEngine.java:402)
	at jdk.nashorn.api.scripting.NashornScriptEngine.eval(NashornScriptEngine.java:155)
	at javax.script.AbstractScriptEngine.eval(AbstractScriptEngine.java:233)
	at com.intuit.karate.ScriptBindings.eval(ScriptBindings.java:139)
	at com.intuit.karate.ScriptBindings.updateBindingsAndEval(ScriptBindings.java:134)
	at com.intuit.karate.ScriptBindings.evalInNashorn(ScriptBindings.java:119)
	at com.intuit.karate.Script.evalJsExpression(Script.java:371)
	at com.intuit.karate.Script.evalKarateExpression(Script.java:285)
	at com.intuit.karate.Script.evalKarateExpression(Script.java:171)
	at com.intuit.karate.StepDefs.url(StepDefs.java:106)
	at sun.reflect.NativeMethodAccessorImpl.invoke0(Native Method)
	at sun.reflect.NativeMethodAccessorImpl.invoke(NativeMethodAccessorImpl.java:62)
	at sun.reflect.DelegatingMethodAccessorImpl.invoke(DelegatingMethodAccessorImpl.java:43)
	at java.lang.reflect.Method.invoke(Method.java:498)
	at cucumber.runtime.Utils$1.call(Utils.java:40)
	at cucumber.runtime.Timeout.timeout(Timeout.java:16)
	at cucumber.runtime.Utils.invoke(Utils.java:34)
	at cucumber.runtime.java.JavaStepDefinition.execute(JavaStepDefinition.java:38)
	at cucumber.runtime.StepDefinitionMatch.runStep(StepDefinitionMatch.java:37)
	at com.intuit.karate.cucumber.CucumberUtils.runStep(CucumberUtils.java:201)
	at com.intuit.karate.cucumber.KarateRuntime.runStep(KarateRuntime.java:86)
	at cucumber.runtime.model.StepContainer.runStep(StepContainer.java:44)
	at cucumber.runtime.model.StepContainer.runSteps(StepContainer.java:39)
	at cucumber.runtime.model.CucumberScenario.run(CucumberScenario.java:44)
	at cucumber.runtime.junit.ExecutionUnitRunner.run(ExecutionUnitRunner.java:102)
	at cucumber.runtime.junit.FeatureRunner.runChild(FeatureRunner.java:63)
	at cucumber.runtime.junit.FeatureRunner.runChild(FeatureRunner.java:18)
	at org.junit.runners.ParentRunner$3.run(ParentRunner.java:290)
	at org.junit.runners.ParentRunner$1.schedule(ParentRunner.java:71)
	at org.junit.runners.ParentRunner.runChildren(ParentRunner.java:288)
	at org.junit.runners.ParentRunner.access$000(ParentRunner.java:58)
	at org.junit.runners.ParentRunner$2.evaluate(ParentRunner.java:268)
	at org.junit.runners.ParentRunner.run(ParentRunner.java:363)
	at cucumber.runtime.junit.FeatureRunner.run(FeatureRunner.java:70)
	at com.intuit.karate.junit4.Karate.runChild(Karate.java:123)
	at com.intuit.karate.junit4.Karate.runChild(Karate.java:38)
	at org.junit.runners.ParentRunner$3.run(ParentRunner.java:290)
	at org.junit.runners.ParentRunner$1.schedule(ParentRunner.java:71)
	at org.junit.runners.ParentRunner.runChildren(ParentRunner.java:288)
	at org.junit.runners.ParentRunner.access$000(ParentRunner.java:58)
	at org.junit.runners.ParentRunner$2.evaluate(ParentRunner.java:268)
	at org.junit.internal.runners.statements.RunBefores.evaluate(RunBefores.java:26)
	at org.junit.runners.ParentRunner.run(ParentRunner.java:363)
	at com.intuit.karate.junit4.Karate.run(Karate.java:131)
	at org.apache.maven.surefire.junit4.JUnit4Provider.execute(JUnit4Provider.java:252)
	at org.apache.maven.surefire.junit4.JUnit4Provider.executeTestSet(JUnit4Provider.java:141)
	at org.apache.maven.surefire.junit4.JUnit4Provider.invoke(JUnit4Provider.java:112)
	at sun.reflect.NativeMethodAccessorImpl.invoke0(Native Method)
	at sun.reflect.NativeMethodAccessorImpl.invoke(NativeMethodAccessorImpl.java:62)
	at sun.reflect.DelegatingMethodAccessorImpl.invoke(DelegatingMethodAccessorImpl.java:43)
	at java.lang.reflect.Method.invoke(Method.java:498)
	at org.apache.maven.surefire.util.ReflectionUtils.invokeMethodWithArray(ReflectionUtils.java:189)
	at org.apache.maven.surefire.booter.ProviderFactory$ProviderProxy.invoke(ProviderFactory.java:165)
	at org.apache.maven.surefire.booter.ProviderFactory.invokeProvider(ProviderFactory.java:85)
	at org.apache.maven.surefire.booter.ForkedBooter.runSuitesInProcess(ForkedBooter.java:115)
	at org.apache.maven.surefire.booter.ForkedBooter.main(ForkedBooter.java:75)
Caused by: &lt;eval&gt;:1 ReferenceError: &quot;identityAssertions&quot; is not defined
	at jdk.nashorn.internal.runtime.ECMAErrors.error(ECMAErrors.java:57)
	at jdk.nashorn.internal.runtime.ECMAErrors.referenceError(ECMAErrors.java:319)
	at jdk.nashorn.internal.runtime.ECMAErrors.referenceError(ECMAErrors.java:291)
	at jdk.nashorn.internal.objects.Global.__noSuchProperty__(Global.java:1442)
	at jdk.nashorn.internal.scripts.Script$5$\^eval\_.:program(&lt;eval&gt;:1)
	at jdk.nashorn.internal.runtime.ScriptFunctionData.invoke(ScriptFunctionData.java:637)
	at jdk.nashorn.internal.runtime.ScriptFunction.invoke(ScriptFunction.java:494)
	at jdk.nashorn.internal.runtime.ScriptRuntime.apply(ScriptRuntime.java:393)
	at jdk.nashorn.api.scripting.NashornScriptEngine.evalImpl(NashornScriptEngine.java:449)
	... 57 more
</error>
  </testcase>
  <testcase classname="Scenario: Testing Opt In API when customer is having more than 1 eligible account" name="And request read(&apos;classpath:Resources/TestData/testData.json&apos;)" time="0.004">
    <skipped/>
  </testcase>
  <testcase classname="Scenario: Testing Opt In API when customer is having more than 1 eligible account" name="When method post" time="0.004">
    <skipped/>
  </testcase>
  <testcase classname="Scenario: Testing Opt In API when customer is having more than 1 eligible account" name="Then status 500" time="0.004">
    <skipped/>
  </testcase>
</testsuite>